<?xml version="1.0" encoding="UTF-8"?>
<!-- Generated by org.testng.reporters.JUnitReportReporter -->
<testsuite hostname="OCNSY-23" failures="0" tests="1" name="cucumber.learn.runner.LearnRunner" time="0.175" errors="0" timestamp="2025-03-24T19:09:31 IST" skipped="0">
  <testcase classname="cucumber.learn.runner.LearnRunner" name="runScenario" time="0.175"/>
</testsuite> <!-- cucumber.learn.runner.LearnRunner -->
